生成启动时间为 2014/11/24 16:42:59。
     1>项目“D:\workspace\CompressOBJ\CompressOBJ\CompressOBJ.vcxproj”在节点 2 上(build 个目标)。
     1>InitializeBuildStatus:
         正在对“Debug\CompressOBJ.unsuccessfulbuild”执行 Touch 任务。
       ClCompile:
         D:\application\vs2010\VC\bin\CL.exe /c /I"D:\lab\VTK\vtk5.10.1\VTK5.10.1-build" /I"D:\lab\VTK\vtk5.10.1\VTK5.10.1-build\Common" /I"D:\lab\VTK\vtk5.10.1\VTK5.10.1-build\Utilities" /I"D:\lab\VTK\vtk5.10.1\VTK5.10.1-build\VolumeRendering" /I"D:\lab\VTK\vtk5.10.1\VTK5.10.1-build\Rendering" /I"D:\lab\VTK\vtk5.10.1\VTK5.10.1-build\Charts" /I"D:\lab\VTK\vtk5.10.1\VTK5.10.1-build\Chemistry" /I"D:\lab\VTK\vtk5.10.1\VTK5.10.1-build\Utilities\vtkalglib" /ID:\lab\VTK\vtk5.10.1\VTK5.10.1\Infovis /ID:\lab\VTK\vtk5.10.1\VTK5.10.1\Geovis /ID:\lab\VTK\vtk5.10.1\VTK5.10.1\Views /ID:\lab\VTK\vtk5.10.1\VTK5.10.1\VolumeRendering /ID:\lab\VTK\vtk5.10.1\VTK5.10.1\Hybrid /ID:\lab\VTK\vtk5.10.1\VTK5.10.1\Widgets /ID:\lab\VTK\vtk5.10.1\VTK5.10.1\Rendering /ID:\lab\VTK\vtk5.10.1\VTK5.10.1\Charts /ID:\lab\VTK\vtk5.10.1\VTK5.10.1\Chemistry /ID:\lab\VTK\vtk5.10.1\VTK5.10.1\Rendering\Testing\Cxx /ID:\lab\VTK\vtk5.10.1\VTK5.10.1\IO /ID:\lab\VTK\vtk5.10.1\VTK5.10.1\Imaging /ID:\lab\VTK\vtk5.10.1\VTK5.10.1\Graphics /ID:\lab\VTK\vtk5.10.1\VTK5.10.1\GenericFiltering /ID:\lab\VTK\vtk5.10.1\VTK5.10.1\Filtering /ID:\lab\VTK\vtk5.10.1\VTK5.10.1\Common /ID:\lab\VTK\vtk5.10.1\VTK5.10.1\Utilities /ID:\lab\VTK\vtk5.10.1\VTK5.10.1\Common\Testing\Cxx /I"D:\lab\VTK\vtk5.10.1\VTK5.10.1-build\Utilities\vtknetcdf" /ID:\lab\VTK\vtk5.10.1\VTK5.10.1\Utilities\vtknetcdf /ID:\lab\VTK\vtk5.10.1\VTK5.10.1\Utilities\vtknetcdf\include /I"D:\lab\VTK\vtk5.10.1\VTK5.10.1-build\Utilities\vtklibproj4" /ID:\lab\VTK\vtk5.10.1\VTK5.10.1\Utilities\vtklibproj4 /I"D:\lab\VTK\vtk5.10.1\VTK5.10.1-build\Utilities\DICOMParser" /ID:\lab\VTK\vtk5.10.1\VTK5.10.1\Utilities\DICOMParser /I"D:\lab\VTK\vtk5.10.1\VTK5.10.1-build\Utilities\vtkfreetype\include" /ID:\lab\VTK\vtk5.10.1\VTK5.10.1\Utilities\vtkfreetype\include /I"D:\lab\VTK\vtk5.10.1\VTK5.10.1-build\Utilities\LSDyna" /ID:\lab\VTK\vtk5.10.1\VTK5.10.1\Utilities\LSDyna /I"D:\lab\VTK\vtk5.10.1\VTK5.10.1-build\Utilities\MaterialLibrary" /ID:\lab\VTK\vtk5.10.1\VTK5.10.1\Utilities\MaterialLibrary /I"D:\lab\VTK\vtk5.10.1\VTK5.10.1-build\Utilities\vtkmetaio" /ID:\lab\VTK\vtk5.10.1\VTK5.10.1\Utilities\vtkmetaio /I"D:\lab\VTK\vtk5.10.1\VTK5.10.1-build\Utilities\verdict" /ID:\lab\VTK\vtk5.10.1\VTK5.10.1\Utilities\verdict /I"D:\lab\VTK\vtk5.10.1\VTK5.10.1-build\Utilities\vtkhdf5" /ID:\lab\VTK\vtk5.10.1\VTK5.10.1\Utilities\vtkhdf5 /I"D:\lab\VTK\vtk5.10.1\VTK5.10.1-build\Utilities\vtkhdf5\src" /ID:\lab\VTK\vtk5.10.1\VTK5.10.1\Utilities\vtkhdf5\src /I"D:\lab\VTK\vtk5.10.1\VTK5.10.1-build\Utilities\vtkhdf5\hl\src" /ID:\lab\VTK\vtk5.10.1\VTK5.10.1\Utilities\vtkhdf5\hl\src /ID:\lab\VTK\vtk5.10.1\VTK5.10.1\Utilities\utf8\source /ID:\lab\VTK\vtk5.10.1\VTK5.10.1\GUISupport\Qt /I"D:\lab\VTK\vtk5.10.1\VTK5.10.1-build\GUISupport\Qt" /ID:\lab\VTK\vtk5.10.1\VTK5.10.1\GUISupport\Qt\Chart /I"D:\lab\VTK\vtk5.10.1\VTK5.10.1-build\GUISupport\Qt\Chart" /ID:\lab\VTK\vtk5.10.1\VTK5.10.1\Utilities\vtkalglib /ID:\application\Qt\4.8.5\include /ID:\application\Qt\4.8.5\include\QtGui /ID:\application\Qt\4.8.5\include\QtCore /ZI /nologo /W3 /WX- /Od /Oy- /D _MBCS /Gm /EHsc /RTC1 /MDd /GS /fp:precise /Zc:wchar_t /Zc:forScope /Fo"Debug\\" /Fd"Debug\vc100.pdb" /Gd /TP /analyze- /errorReport:prompt objcompress.cc
         objcompress.cc
     1>d:\workspace\compressobj\compressobj\bounds.h(76): warning C4244: “=”: 从“const float”转换到“int”，可能丢失数据
     1>d:\workspace\compressobj\compressobj\bounds.h(96): warning C4305: “=”: 从“double”到“float”截断
     1>d:\workspace\compressobj\compressobj\compress.h(179): warning C4244: “初始化”: 从“int”转换到“float”，可能丢失数据
     1>d:\workspace\compressobj\compressobj\compress.h(180): warning C4244: “初始化”: 从“int”转换到“float”，可能丢失数据
     1>d:\workspace\compressobj\compressobj\compress.h(181): warning C4244: “初始化”: 从“int”转换到“float”，可能丢失数据
     1>d:\workspace\compressobj\compressobj\compress.h(182): warning C4244: “初始化”: 从“double”转换到“const float”，可能丢失数据
     1>d:\workspace\compressobj\compressobj\compress.h(187): warning C4244: “初始化”: 从“int”转换到“float”，可能丢失数据
     1>d:\workspace\compressobj\compressobj\compress.h(188): warning C4244: “初始化”: 从“int”转换到“float”，可能丢失数据
     1>d:\workspace\compressobj\compressobj\compress.h(189): warning C4244: “初始化”: 从“int”转换到“float”，可能丢失数据
     1>d:\workspace\compressobj\compressobj\compress.h(190): warning C4244: “初始化”: 从“double”转换到“const float”，可能丢失数据
     1>d:\workspace\compressobj\compressobj\compress.h(195): warning C4244: “参数”: 从“float”转换到“int16”，可能丢失数据
     1>d:\workspace\compressobj\compressobj\compress.h(196): warning C4244: “参数”: 从“float”转换到“int16”，可能丢失数据
     1>d:\workspace\compressobj\compressobj\compress.h(197): warning C4244: “参数”: 从“float”转换到“int16”，可能丢失数据
     1>d:\workspace\compressobj\compressobj\mesh.h(780): warning C4244: “初始化”: 从“double”转换到“const float”，可能丢失数据
     1>d:\workspace\compressobj\compressobj\mesh.h(876): warning C4996: 'fopen': This function or variable may be unsafe. Consider using fopen_s instead. To disable deprecation, use _CRT_SECURE_NO_WARNINGS. See online help for details.
                 d:\application\vs2010\vc\include\stdio.h(234) : 参见“fopen”的声明
     1>d:\workspace\compressobj\compressobj\optimize.h(165): warning C4244: “参数”: 从“const size_t”转换到“float”，可能丢失数据
     1>d:\workspace\compressobj\compressobj\objcompress.cc(32): warning C4996: 'fopen': This function or variable may be unsafe. Consider using fopen_s instead. To disable deprecation, use _CRT_SECURE_NO_WARNINGS. See online help for details.
                 d:\application\vs2010\vc\include\stdio.h(234) : 参见“fopen”的声明
     1>d:\workspace\compressobj\compressobj\objcompress.cc(114): warning C4996: 'fopen': This function or variable may be unsafe. Consider using fopen_s instead. To disable deprecation, use _CRT_SECURE_NO_WARNINGS. See online help for details.
                 d:\application\vs2010\vc\include\stdio.h(234) : 参见“fopen”的声明
       Link:
         D:\application\vs2010\VC\bin\link.exe /ERRORREPORT:PROMPT /OUT:"D:\workspace\CompressOBJ\Debug\CompressOBJ.exe" /NOLOGO opencv_calib3d246d.lib opencv_contrib246d.lib opencv_core246d.lib opencv_features2d246d.lib opencv_flann246d.lib opencv_gpu246d.lib opencv_highgui246d.lib opencv_imgproc246d.lib opencv_legacy246d.lib opencv_ml246d.lib opencv_objdetect246d.lib opencv_ts246d.lib opencv_video246d.lib "D:\lab\VTK\vtk5.10.1\VTK5.10.1-build\bin\Debug\vtkCommon.lib" "D:\lab\VTK\vtk5.10.1\VTK5.10.1-build\bin\Debug\vtkFiltering.lib" "D:\lab\VTK\vtk5.10.1\VTK5.10.1-build\bin\Debug\vtkImaging.lib" "D:\lab\VTK\vtk5.10.1\VTK5.10.1-build\bin\Debug\vtkGraphics.lib" "D:\lab\VTK\vtk5.10.1\VTK5.10.1-build\bin\Debug\vtkGenericFiltering.lib" "D:\lab\VTK\vtk5.10.1\VTK5.10.1-build\bin\Debug\vtkIO.lib" "D:\lab\VTK\vtk5.10.1\VTK5.10.1-build\bin\Debug\vtkRendering.lib" "D:\lab\VTK\vtk5.10.1\VTK5.10.1-build\bin\Debug\vtkVolumeRendering.lib" "D:\lab\VTK\vtk5.10.1\VTK5.10.1-build\bin\Debug\vtkHybrid.lib" "D:\lab\VTK\vtk5.10.1\VTK5.10.1-build\bin\Debug\vtkWidgets.lib" "D:\lab\VTK\vtk5.10.1\VTK5.10.1-build\bin\Debug\vtkInfovis.lib" "D:\lab\VTK\vtk5.10.1\VTK5.10.1-build\bin\Debug\vtkGeovis.lib" "D:\lab\VTK\vtk5.10.1\VTK5.10.1-build\bin\Debug\vtkViews.lib" "D:\lab\VTK\vtk5.10.1\VTK5.10.1-build\bin\Debug\vtkCharts.lib" "D:\lab\VTK\vtk5.10.1\VTK5.10.1-build\bin\Debug\QVTK.lib" "D:\lab\VTK\vtk5.10.1\VTK5.10.1-build\bin\Debug\vtksys.lib" ws2_32.lib D:\application\Qt\4.8.5\lib\QtWebKitd4.lib D:\application\Qt\4.8.5\lib\QtXmlPatternsd4.lib D:\application\Qt\4.8.5\lib\QtGuid4.lib D:\application\Qt\4.8.5\lib\QtSqld4.lib D:\application\Qt\4.8.5\lib\QtNetworkd4.lib D:\application\Qt\4.8.5\lib\QtCored4.lib kernel32.lib user32.lib gdi32.lib winspool.lib comdlg32.lib advapi32.lib shell32.lib ole32.lib oleaut32.lib uuid.lib odbc32.lib odbccp32.lib /MANIFEST /ManifestFile:"Debug\CompressOBJ.exe.intermediate.manifest" /MANIFESTUAC:"level='asInvoker' uiAccess='false'" /DEBUG /PDB:"D:\workspace\CompressOBJ\Debug\CompressOBJ.pdb" /TLBID:1 /DYNAMICBASE /NXCOMPAT /IMPLIB:"D:\workspace\CompressOBJ\Debug\CompressOBJ.lib" /MACHINE:X86 Debug\objcompress.obj
         LINK : 没有找到 D:\workspace\CompressOBJ\Debug\CompressOBJ.exe 或上一个增量链接没有生成它；正在执行完全链接
         CompressOBJ.vcxproj -> D:\workspace\CompressOBJ\Debug\CompressOBJ.exe
       Manifest:
         C:\Program Files (x86)\Microsoft SDKs\Windows\v7.0A\bin\mt.exe /nologo /verbose /outputresource:"D:\workspace\CompressOBJ\Debug\CompressOBJ.exe;#1" /manifest Debug\CompressOBJ.exe.intermediate.manifest
       FinalizeBuildStatus:
         正在删除文件“Debug\CompressOBJ.unsuccessfulbuild”。
         正在对“Debug\CompressOBJ.lastbuildstate”执行 Touch 任务。
     1>已完成生成项目“D:\workspace\CompressOBJ\CompressOBJ\CompressOBJ.vcxproj”(build 个目标)的操作。

生成成功。

已用时间 00:00:02.42
